<?xml version="1.0" encoding="UTF-8"?>
<!-- Generated by org.testng.reporters.JUnitReportReporter -->
<testsuite skipped="0" hostname="PC204820" name="yatrapages.YatraRegistration" tests="1" failures="0" timestamp="10 Oct 2017 04:23:58 GMT" time="108.425" errors="0">
  <testcase name="YatraLogin" time="108.425" classname="yatrapages.YatraRegistration"/>
</testsuite> <!-- yatrapages.YatraRegistration -->
