<?xml version="1.0" encoding="UTF-8"?>
<!-- Generated by org.testng.reporters.JUnitReportReporter -->
<testsuite skipped="0" hostname="PC204820" name="demopackage.DataProviderTest" tests="4" failures="0" timestamp="01 Nov 2017 06:59:24 GMT" time="0.028" errors="0">
  <testcase name="testMethodTwo" time="0.001" classname="demopackage.DataProviderTest"/>
  <testcase name="testMethodOne" time="0.022" classname="demopackage.DataProviderTest"/>
  <testcase name="testMethodTwo" time="0.001" classname="demopackage.DataProviderTest"/>
  <testcase name="testMethodOne" time="0.004" classname="demopackage.DataProviderTest"/>
</testsuite> <!-- demopackage.DataProviderTest -->
