<?xml version="1.0" encoding="UTF-8"?>
<!-- Generated by org.testng.reporters.JUnitReportReporter -->
<testsuite skipped="0" hostname="PC204820" name="demopackage.IDIT" tests="2" failures="0" timestamp="28 Sep 2017 12:38:34 GMT" time="135.820" errors="0">
  <testcase name="IDITLogin" time="35.777" classname="demopackage.IDIT"/>
  <testcase name="IDITContacts" time="100.043" classname="demopackage.IDIT"/>
</testsuite> <!-- demopackage.IDIT -->
